<?xml version="1.0" encoding="UTF-8"?>
<testng-results skipped="0" failed="0" total="1" passed="1">
  <reporter-output>
  </reporter-output>
  <suite name="Default suite" duration-ms="1728" started-at="2015-04-17T17:39:44Z" finished-at="2015-04-17T17:39:45Z">
    <groups>
    </groups>
    <test name="Default test" duration-ms="1728" started-at="2015-04-17T17:39:44Z" finished-at="2015-04-17T17:39:45Z">
      <class name="org.cn.zszhang.utils.excel4j.importer.Export2ExcelTest">
        <test-method status="PASS" signature="write2File()[pri:0, instance:org.cn.zszhang.utils.excel4j.importer.Export2ExcelTest@5f150435]" name="write2File" duration-ms="1698" started-at="2015-04-18T01:39:44Z" finished-at="2015-04-18T01:39:45Z">
          <reporter-output>
          </reporter-output>
        </test-method> <!-- write2File -->
      </class> <!-- org.cn.zszhang.utils.excel4j.importer.Export2ExcelTest -->
    </test> <!-- Default test -->
  </suite> <!-- Default suite -->
</testng-results>
